Compiling the C compiler identification source file "CMakeCCompilerId.c" failed.
Compiler: C:/Program Files/mingw-w64/mingw64/bin/gcc.exe 
Build flags: 
Id flags:  

The output was:
1
C:/Program Files/mingw-w64/mingw64/bin/../lib/gcc/x86_64-w64-mingw32/8.1.0/../../../../x86_64-w64-mingw32/bin/ld.exe: cannot open output file a.exe: No such file or directory
collect2.exe: error: ld returned 1 exit status


Compiling the C compiler identification source file "CMakeCCompilerId.c" failed.
Compiler: C:/Program Files/mingw-w64/mingw64/bin/gcc.exe 
Build flags: 
Id flags: -c 

The output was:
1
Assembler messages:
Fatal error: can't create CMakeCCompilerId.o: No such file or directory


Compiling the C compiler identification source file "CMakeCCompilerId.c" failed.
Compiler: C:/Program Files/mingw-w64/mingw64/bin/gcc.exe 
Build flags: 
Id flags: -Aa 

The output was:
1
<command-line>: error: missing '(' after predicate


Compiling the C compiler identification source file "CMakeCCompilerId.c" failed.
Compiler: C:/Program Files/mingw-w64/mingw64/bin/gcc.exe 
Build flags: 
Id flags: -D__CLASSIC_C__ 

The output was:
1
C:/Program Files/mingw-w64/mingw64/bin/../lib/gcc/x86_64-w64-mingw32/8.1.0/../../../../x86_64-w64-mingw32/bin/ld.exe: cannot open output file a.exe: No such file or directory
collect2.exe: error: ld returned 1 exit status


Compiling the C compiler identification source file "CMakeCCompilerId.c" failed.
Compiler: C:/Program Files/mingw-w64/mingw64/bin/gcc.exe 
Build flags: 
Id flags: --target=arm-arm-none-eabi;-mcpu=cortex-m3 

The output was:
1
gcc.exe: warning: '-mcpu=' is deprecated; use '-mtune=' or '-march=' instead
gcc.exe: error: unrecognized command line option '--target=arm-arm-none-eabi'


Compiling the C compiler identification source file "CMakeCCompilerId.c" failed.
Compiler: C:/Program Files/mingw-w64/mingw64/bin/gcc.exe 
Build flags: 
Id flags:  

The output was:
1
C:/Program Files/mingw-w64/mingw64/bin/../lib/gcc/x86_64-w64-mingw32/8.1.0/../../../../x86_64-w64-mingw32/bin/ld.exe: cannot open output file a.exe: No such file or directory
collect2.exe: error: ld returned 1 exit status


Compiling the C compiler identification source file "CMakeCCompilerId.c" failed.
Compiler: C:/Program Files/mingw-w64/mingw64/bin/gcc.exe 
Build flags: 
Id flags: -c 

The output was:
1
Assembler messages:
Fatal error: can't create CMakeCCompilerId.o: No such file or directory


Compiling the C compiler identification source file "CMakeCCompilerId.c" failed.
Compiler: C:/Program Files/mingw-w64/mingw64/bin/gcc.exe 
Build flags: 
Id flags: -Aa 

The output was:
1
<command-line>: error: missing '(' after predicate


Compiling the C compiler identification source file "CMakeCCompilerId.c" failed.
Compiler: C:/Program Files/mingw-w64/mingw64/bin/gcc.exe 
Build flags: 
Id flags: -D__CLASSIC_C__ 

The output was:
1
C:/Program Files/mingw-w64/mingw64/bin/../lib/gcc/x86_64-w64-mingw32/8.1.0/../../../../x86_64-w64-mingw32/bin/ld.exe: cannot open output file a.exe: No such file or directory
collect2.exe: error: ld returned 1 exit status


Compiling the C compiler identification source file "CMakeCCompilerId.c" failed.
Compiler: C:/Program Files/mingw-w64/mingw64/bin/gcc.exe 
Build flags: 
Id flags: --target=arm-arm-none-eabi;-mcpu=cortex-m3 

The output was:
1
gcc.exe: warning: '-mcpu=' is deprecated; use '-mtune=' or '-march=' instead
gcc.exe: error: unrecognized command line option '--target=arm-arm-none-eabi'


Checking whether the C compiler is IAR using "" did not match "IAR .+ Compiler":
gcc.exe: fatal error: no input files
compilation terminated.
Checking whether the C compiler is IAR using "" did not match "IAR .+ Compiler":
gcc.exe: fatal error: no input files
compilation terminated.
Compiling the CXX compiler identification source file "CMakeCXXCompilerId.cpp" failed.
Compiler: C:/Program Files/mingw-w64/mingw64/bin/g++.exe 
Build flags: 
Id flags:  

The output was:
1
C:/Program Files/mingw-w64/mingw64/bin/../lib/gcc/x86_64-w64-mingw32/8.1.0/../../../../x86_64-w64-mingw32/bin/ld.exe: cannot open output file a.exe: No such file or directory
collect2.exe: error: ld returned 1 exit status


Compiling the CXX compiler identification source file "CMakeCXXCompilerId.cpp" failed.
Compiler: C:/Program Files/mingw-w64/mingw64/bin/g++.exe 
Build flags: 
Id flags: -c 

The output was:
1
Assembler messages:
Fatal error: can't create CMakeCXXCompilerId.o: No such file or directory


Compiling the CXX compiler identification source file "CMakeCXXCompilerId.cpp" failed.
Compiler: C:/Program Files/mingw-w64/mingw64/bin/g++.exe 
Build flags: 
Id flags: --c++ 

The output was:
1
g++.exe: error: unrecognized command line option '--c++'


Compiling the CXX compiler identification source file "CMakeCXXCompilerId.cpp" failed.
Compiler: C:/Program Files/mingw-w64/mingw64/bin/g++.exe 
Build flags: 
Id flags: --ec++ 

The output was:
1
g++.exe: error: unrecognized command line option '--ec++'; did you mean '-Weffc++'?


Compiling the CXX compiler identification source file "CMakeCXXCompilerId.cpp" failed.
Compiler: C:/Program Files/mingw-w64/mingw64/bin/g++.exe 
Build flags: 
Id flags: --target=arm-arm-none-eabi;-mcpu=cortex-m3 

The output was:
1
g++.exe: warning: '-mcpu=' is deprecated; use '-mtune=' or '-march=' instead
g++.exe: error: unrecognized command line option '--target=arm-arm-none-eabi'


Compiling the CXX compiler identification source file "CMakeCXXCompilerId.cpp" failed.
Compiler: C:/Program Files/mingw-w64/mingw64/bin/g++.exe 
Build flags: 
Id flags:  

The output was:
1
C:/Program Files/mingw-w64/mingw64/bin/../lib/gcc/x86_64-w64-mingw32/8.1.0/../../../../x86_64-w64-mingw32/bin/ld.exe: cannot open output file a.exe: No such file or directory
collect2.exe: error: ld returned 1 exit status


Compiling the CXX compiler identification source file "CMakeCXXCompilerId.cpp" failed.
Compiler: C:/Program Files/mingw-w64/mingw64/bin/g++.exe 
Build flags: 
Id flags: -c 

The output was:
1
Assembler messages:
Fatal error: can't create CMakeCXXCompilerId.o: No such file or directory


Compiling the CXX compiler identification source file "CMakeCXXCompilerId.cpp" failed.
Compiler: C:/Program Files/mingw-w64/mingw64/bin/g++.exe 
Build flags: 
Id flags: --c++ 

The output was:
1
g++.exe: error: unrecognized command line option '--c++'


Compiling the CXX compiler identification source file "CMakeCXXCompilerId.cpp" failed.
Compiler: C:/Program Files/mingw-w64/mingw64/bin/g++.exe 
Build flags: 
Id flags: --ec++ 

The output was:
1
g++.exe: error: unrecognized command line option '--ec++'; did you mean '-Weffc++'?


Compiling the CXX compiler identification source file "CMakeCXXCompilerId.cpp" failed.
Compiler: C:/Program Files/mingw-w64/mingw64/bin/g++.exe 
Build flags: 
Id flags: --target=arm-arm-none-eabi;-mcpu=cortex-m3 

The output was:
1
g++.exe: warning: '-mcpu=' is deprecated; use '-mtune=' or '-march=' instead
g++.exe: error: unrecognized command line option '--target=arm-arm-none-eabi'


Checking whether the CXX compiler is IAR using "" did not match "IAR .+ Compiler":
g++.exe: fatal error: no input files
compilation terminated.
Checking whether the CXX compiler is IAR using "" did not match "IAR .+ Compiler":
g++.exe: fatal error: no input files
compilation terminated.
Detecting C compiler ABI info failed to compile with the following output:
Change Dir: C:/Users/rohan/Documents/GitHub/Competitive-Coding/C++/CLionProjects/untitled9/cmake-build-debug/CMakeFiles/CMakeTmp

Run Build Command(s):C:/PROGRA~1/MINGW-~1/mingw64/bin/mingw32-make.exe cmTC_a49d5/fast && C:/PROGRA~1/MINGW-~1/mingw64/bin/mingw32-make.exe  -f CMakeFiles\cmTC_a49d5.dir\build.make CMakeFiles/cmTC_a49d5.dir/build
mingw32-make.exe[1]: Entering directory 'C:/Users/rohan/Documents/GitHub/Competitive-Coding/C++/CLionProjects/untitled9/cmake-build-debug/CMakeFiles/CMakeTmp'
Building C object CMakeFiles/cmTC_a49d5.dir/CMakeCCompilerABI.c.obj
C:\PROGRA~1\MINGW-~1\mingw64\bin\gcc.exe    -o CMakeFiles\cmTC_a49d5.dir\CMakeCCompilerABI.c.obj -c "C:\Program Files\JetBrains\CLion 2020.3.2\bin\cmake\win\share\cmake-3.19\Modules\CMakeCCompilerABI.c"
Assembler messages:
Fatal error: can't create CMakeFiles\cmTC_a49d5.dir\CMakeCCompilerABI.c.obj: No such file or directory
mingw32-make.exe[1]: *** [CMakeFiles\cmTC_a49d5.dir\build.make:84: CMakeFiles/cmTC_a49d5.dir/CMakeCCompilerABI.c.obj] Error 1
mingw32-make.exe[1]: Leaving directory 'C:/Users/rohan/Documents/GitHub/Competitive-Coding/C++/CLionProjects/untitled9/cmake-build-debug/CMakeFiles/CMakeTmp'
mingw32-make.exe: *** [Makefile:139: cmTC_a49d5/fast] Error 2




Determining if the C compiler works failed with the following output:
Change Dir: C:/Users/rohan/Documents/GitHub/Competitive-Coding/C++/CLionProjects/untitled9/cmake-build-debug/CMakeFiles/CMakeTmp

Run Build Command(s):C:/PROGRA~1/MINGW-~1/mingw64/bin/mingw32-make.exe cmTC_10348/fast && C:/PROGRA~1/MINGW-~1/mingw64/bin/mingw32-make.exe  -f CMakeFiles\cmTC_10348.dir\build.make CMakeFiles/cmTC_10348.dir/build
mingw32-make.exe[1]: Entering directory 'C:/Users/rohan/Documents/GitHub/Competitive-Coding/C++/CLionProjects/untitled9/cmake-build-debug/CMakeFiles/CMakeTmp'
Building C object CMakeFiles/cmTC_10348.dir/testCCompiler.c.obj
C:\PROGRA~1\MINGW-~1\mingw64\bin\gcc.exe    -o CMakeFiles\cmTC_10348.dir\testCCompiler.c.obj -c C:\Users\rohan\Documents\GitHub\Competitive-Coding\C++\CLionProjects\untitled9\cmake-build-debug\CMakeFiles\CMakeTmp\testCCompiler.c
Assembler messages:
Fatal error: can't create CMakeFiles\cmTC_10348.dir\testCCompiler.c.obj: No such file or directory
mingw32-make.exe[1]: *** [CMakeFiles\cmTC_10348.dir\build.make:84: CMakeFiles/cmTC_10348.dir/testCCompiler.c.obj] Error 1
mingw32-make.exe[1]: Leaving directory 'C:/Users/rohan/Documents/GitHub/Competitive-Coding/C++/CLionProjects/untitled9/cmake-build-debug/CMakeFiles/CMakeTmp'
mingw32-make.exe: *** [Makefile:139: cmTC_10348/fast] Error 2



